# JRE version: OpenJDK Runtime Environment (21.0.1+12) (build 21.0.1+12-29)
# Java VM: OpenJDK 64-Bit Server VM (21.0.1+12-29, mixed mode, emulated-client, sharing, tiered, compressed oops, compressed class ptrs, g1 gc, windows-amd64)
GC Precious Log:
 CardTable entry size: 512
 Card Set container configuration: InlinePtr #cards 4 size 8 Array Of Cards #cards 16 size 48 Howl #buckets 8 coarsen threshold 3686 Howl Bitmap #cards 512 size 80 coarsen threshold 460 Card regions per heap region 1 cards per card region 4096
 CPUs: 6 total, 6 available
 Memory: 12069M
 Large Page Support: Disabled
 NUMA Support: Disabled
 Compressed Oops: Enabled (Zero based)
 Heap Region Size: 2M
 Heap Min Capacity: 8M
 Heap Initial Capacity: 190M
 Heap Max Capacity: 3018M
 Pre-touch: Disabled
 Parallel Workers: 6
 Concurrent Workers: 2
 Concurrent Refinement Workers: 6
 Periodic GC: Disabled
Heap:
 garbage-first heap   total 133120K, used 39453K [0x0000000743600000, 0x0000000800000000)
  region size 2048K, 4 young (8192K), 3 survivors (6144K)
 Metaspace       used 81867K, committed 83008K, reserved 1179648K
  class space    used 11646K, committed 12096K, reserved 1048576K
GC Heap History (20 events):
Event: 3852.523 GC heap before
{Heap before GC invocations=68 (full 12):
 garbage-first heap   total 116736K, used 96128K [0x0000000743600000, 0x0000000800000000)
  region size 2048K, 33 young (67584K), 0 survivors (0K)
 Metaspace       used 80607K, committed 81472K, reserved 1179648K
  class space    used 11492K, committed 11904K, reserved 1048576K
}
Event: 3852.526 GC heap after
{Heap after GC invocations=69 (full 12):
 garbage-first heap   total 116736K, used 35257K [0x0000000743600000, 0x0000000800000000)
  region size 2048K, 3 young (6144K), 3 survivors (6144K)
 Metaspace       used 80607K, committed 81472K, reserved 1179648K
  class space    used 11492K, committed 11904K, reserved 1048576K
}
Event: 4002.700 GC heap before
{Heap before GC invocations=70 (full 12):
 garbage-first heap   total 116736K, used 94649K [0x0000000743600000, 0x0000000800000000)
  region size 2048K, 33 young (67584K), 3 survivors (6144K)
 Metaspace       used 80689K, committed 81536K, reserved 1179648K
  class space    used 11500K, committed 11904K, reserved 1048576K
}
Event: 4002.708 GC heap after
{Heap after GC invocations=71 (full 12):
 garbage-first heap   total 116736K, used 38439K [0x0000000743600000, 0x0000000800000000)
  region size 2048K, 4 young (8192K), 4 survivors (8192K)
 Metaspace       used 80689K, committed 81536K, reserved 1179648K
  class space    used 11500K, committed 11904K, reserved 1048576K
}
Event: 4120.288 GC heap before
{Heap before GC invocations=71 (full 12):
 garbage-first heap   total 116736K, used 48679K [0x0000000743600000, 0x0000000800000000)
  region size 2048K, 10 young (20480K), 4 survivors (8192K)
 Metaspace       used 80703K, committed 81600K, reserved 1179648K
  class space    used 11504K, committed 11904K, reserved 1048576K
}
Event: 4120.338 GC heap after
{Heap after GC invocations=72 (full 13):
 garbage-first heap   total 110592K, used 29284K [0x0000000743600000, 0x0000000800000000)
  region size 2048K, 0 young (0K), 0 survivors (0K)
 Metaspace       used 80656K, committed 81600K, reserved 1179648K
  class space    used 11492K, committed 11904K, reserved 1048576K
}
Event: 4120.847 GC heap before
{Heap before GC invocations=72 (full 13):
 garbage-first heap   total 110592K, used 92772K [0x0000000743600000, 0x0000000800000000)
  region size 2048K, 32 young (65536K), 0 survivors (0K)
 Metaspace       used 81025K, committed 81984K, reserved 1179648K
  class space    used 11553K, committed 11968K, reserved 1048576K
}
Event: 4120.851 GC heap after
{Heap after GC invocations=73 (full 13):
 garbage-first heap   total 110592K, used 35841K [0x0000000743600000, 0x0000000800000000)
  region size 2048K, 4 young (8192K), 4 survivors (8192K)
 Metaspace       used 81025K, committed 81984K, reserved 1179648K
  class space    used 11553K, committed 11968K, reserved 1048576K
}
Event: 4121.212 GC heap before
{Heap before GC invocations=74 (full 13):
 garbage-first heap   total 110592K, used 89089K [0x0000000743600000, 0x0000000800000000)
  region size 2048K, 30 young (61440K), 4 survivors (8192K)
 Metaspace       used 81155K, committed 82112K, reserved 1179648K
  class space    used 11572K, committed 11968K, reserved 1048576K
}
Event: 4121.217 GC heap after
{Heap after GC invocations=75 (full 13):
 garbage-first heap   total 110592K, used 39611K [0x0000000743600000, 0x0000000800000000)
  region size 2048K, 3 young (6144K), 3 survivors (6144K)
 Metaspace       used 81155K, committed 82112K, reserved 1179648K
  class space    used 11572K, committed 11968K, reserved 1048576K
}
Event: 4122.672 GC heap before
{Heap before GC invocations=75 (full 13):
 garbage-first heap   total 110592K, used 41659K [0x0000000743600000, 0x0000000800000000)
  region size 2048K, 5 young (10240K), 3 survivors (6144K)
 Metaspace       used 81165K, committed 82112K, reserved 1179648K
  class space    used 11574K, committed 11968K, reserved 1048576K
}
Event: 4122.717 GC heap after
{Heap after GC invocations=76 (full 14):
 garbage-first heap   total 110592K, used 31580K [0x0000000743600000, 0x0000000800000000)
  region size 2048K, 0 young (0K), 0 survivors (0K)
 Metaspace       used 80781K, committed 81920K, reserved 1179648K
  class space    used 11526K, committed 11968K, reserved 1048576K
}
Event: 4123.111 GC heap before
{Heap before GC invocations=76 (full 14):
 garbage-first heap   total 110592K, used 90972K [0x0000000743600000, 0x0000000800000000)
  region size 2048K, 30 young (61440K), 0 survivors (0K)
 Metaspace       used 81008K, committed 81984K, reserved 1179648K
  class space    used 11548K, committed 11968K, reserved 1048576K
}
Event: 4123.114 GC heap after
{Heap after GC invocations=77 (full 14):
 garbage-first heap   total 110592K, used 35828K [0x0000000743600000, 0x0000000800000000)
  region size 2048K, 3 young (6144K), 3 survivors (6144K)
 Metaspace       used 81008K, committed 81984K, reserved 1179648K
  class space    used 11548K, committed 11968K, reserved 1048576K
}
Event: 4123.683 GC heap before
{Heap before GC invocations=78 (full 14):
 garbage-first heap   total 110592K, used 91124K [0x0000000743600000, 0x0000000800000000)
  region size 2048K, 30 young (61440K), 3 survivors (6144K)
 Metaspace       used 81093K, committed 82048K, reserved 1179648K
  class space    used 11554K, committed 11968K, reserved 1048576K
}
Event: 4123.687 GC heap after
{Heap after GC invocations=79 (full 14):
 garbage-first heap   total 133120K, used 37724K [0x0000000743600000, 0x0000000800000000)
  region size 2048K, 3 young (6144K), 3 survivors (6144K)
 Metaspace       used 81093K, committed 82048K, reserved 1179648K
  class space    used 11554K, committed 11968K, reserved 1048576K
}
Event: 4770.168 GC heap before
{Heap before GC invocations=79 (full 14):
 garbage-first heap   total 133120K, used 111452K [0x0000000743600000, 0x0000000800000000)
  region size 2048K, 39 young (79872K), 3 survivors (6144K)
 Metaspace       used 82057K, committed 83008K, reserved 1179648K
  class space    used 11692K, committed 12096K, reserved 1048576K
}
Event: 4770.177 GC heap after
{Heap after GC invocations=80 (full 14):
 garbage-first heap   total 133120K, used 40555K [0x0000000743600000, 0x0000000800000000)
  region size 2048K, 3 young (6144K), 3 survivors (6144K)
 Metaspace       used 82057K, committed 83008K, reserved 1179648K
  class space    used 11692K, committed 12096K, reserved 1048576K
}
Event: 5357.171 GC heap before
{Heap before GC invocations=80 (full 14):
 garbage-first heap   total 133120K, used 79467K [0x0000000743600000, 0x0000000800000000)
  region size 2048K, 23 young (47104K), 3 survivors (6144K)
 Metaspace       used 82058K, committed 83008K, reserved 1179648K
  class space    used 11692K, committed 12096K, reserved 1048576K
}
Event: 5357.175 GC heap after
{Heap after GC invocations=81 (full 14):
 garbage-first heap   total 133120K, used 39453K [0x0000000743600000, 0x0000000800000000)
  region size 2048K, 3 young (6144K), 3 survivors (6144K)
 Metaspace       used 82058K, committed 83008K, reserved 1179648K
  class space    used 11692K, committed 12096K, reserved 1048576K
}

